{"/Users/felipe.oliveira/repositories/siso/App.js": {"path":"/Users/felipe.oliveira/repositories/siso/App.js","statementMap":{"0":{"start":{"line":10,"column":30},"end":{"line":19,"column":1}},"1":{"start":{"line":11,"column":2},"end":{"line":18,"column":4}}},"fnMap":{"0":{"name":"(anonymous_0)","decl":{"start":{"line":10,"column":30},"end":{"line":10,"column":31}},"loc":{"start":{"line":10,"column":36},"end":{"line":19,"column":1}},"line":10}},"branchMap":{},"s":{"0":1,"1":1},"f":{"0":1},"b":{},"_coverageSchema":"43e27e138ebf9cfc5966b082cf9a028302ed4184","hash":"32ae82cbf267b0aca5cf24d19fc5fd23cbcd19c4"}
}
